{"level":"info","message":"Server is running on port 3000","timestamp":"2025-06-01T18:36:19.682Z"}
{"level":"info","message":"MongoDB Connected","timestamp":"2025-06-01T18:36:19.704Z"}
{"level":"info","message":"Server is running on port 3000","timestamp":"2025-06-01T18:36:59.355Z"}
{"level":"info","message":"MongoDB Connected","timestamp":"2025-06-01T18:36:59.395Z"}
{"level":"info","message":"Server is running on port 3000","timestamp":"2025-06-01T18:37:17.432Z"}
{"level":"info","message":"MongoDB Connected","timestamp":"2025-06-01T18:37:17.451Z"}
{"level":"info","message":"Server is running on port 3000","timestamp":"2025-06-01T18:38:26.871Z"}
{"level":"info","message":"MongoDB Connected","timestamp":"2025-06-01T18:38:26.892Z"}
{"level":"info","message":"Server is running on port 3000","timestamp":"2025-06-01T18:40:40.430Z"}
{"level":"info","message":"MongoDB Connected","timestamp":"2025-06-01T18:40:40.470Z"}
{"level":"info","message":"Server is running on port 3000","timestamp":"2025-06-01T18:40:57.325Z"}
{"level":"info","message":"MongoDB Connected","timestamp":"2025-06-01T18:40:57.351Z"}
{"level":"info","message":"Server is running on port 3000","timestamp":"2025-06-01T18:41:04.316Z"}
{"level":"info","message":"MongoDB Connected","timestamp":"2025-06-01T18:41:04.340Z"}
{"level":"info","message":"Server is running on port 3000","timestamp":"2025-06-01T18:41:19.721Z"}
{"level":"info","message":"MongoDB Connected","timestamp":"2025-06-01T18:41:19.754Z"}
{"level":"info","message":"Server is running on port 3000","timestamp":"2025-06-01T18:41:40.584Z"}
{"level":"info","message":"MongoDB Connected","timestamp":"2025-06-01T18:41:40.601Z"}
{"level":"info","message":"Server is running on port 3000","timestamp":"2025-06-01T18:45:01.943Z"}
{"level":"info","message":"MongoDB Connected","timestamp":"2025-06-01T18:45:01.962Z"}
{"level":"info","message":"Server is running on port 3000","timestamp":"2025-06-01T18:45:07.640Z"}
{"level":"info","message":"MongoDB Connected","timestamp":"2025-06-01T18:45:07.659Z"}
{"level":"info","message":"Server is running on port 3000","timestamp":"2025-06-01T18:46:01.353Z"}
{"level":"info","message":"MongoDB Connected","timestamp":"2025-06-01T18:46:01.381Z"}
{"level":"info","message":"Server is running on port 3000","timestamp":"2025-06-01T18:46:04.508Z"}
{"level":"info","message":"MongoDB Connected","timestamp":"2025-06-01T18:46:04.564Z"}
{"level":"info","message":"Server is running on port 3000","timestamp":"2025-06-01T18:48:24.574Z"}
{"level":"info","message":"MongoDB Connected","timestamp":"2025-06-01T18:48:24.594Z"}
{"level":"info","message":"Server is running on port 3000","timestamp":"2025-06-02T04:04:17.526Z"}
{"level":"info","message":"MongoDB Connected","timestamp":"2025-06-02T04:04:17.544Z"}
{"level":"info","message":"Server is running on port 3000","timestamp":"2025-06-02T04:28:14.012Z"}
{"level":"info","message":"MongoDB Connected","timestamp":"2025-06-02T04:28:14.041Z"}
{"level":"info","message":"Server is running on port 3000","timestamp":"2025-06-02T04:31:37.489Z"}
{"level":"info","message":"MongoDB Connected","timestamp":"2025-06-02T04:31:37.511Z"}
{"level":"info","message":"Server is running on port 3000","timestamp":"2025-06-02T04:33:06.017Z"}
{"level":"info","message":"MongoDB Connected","timestamp":"2025-06-02T04:33:06.048Z"}
{"level":"info","message":"Server is running on port 3000","timestamp":"2025-06-02T04:51:31.688Z"}
{"level":"info","message":"MongoDB Connected","timestamp":"2025-06-02T04:51:31.710Z"}
{"level":"info","message":"Server is running on port 3000","timestamp":"2025-06-02T04:52:29.964Z"}
{"level":"info","message":"MongoDB Connected","timestamp":"2025-06-02T04:52:29.988Z"}
{"level":"info","message":"Server is running on port 3000","timestamp":"2025-06-02T05:12:18.885Z"}
{"level":"info","message":"MongoDB Connected","timestamp":"2025-06-02T05:12:18.903Z"}
{"level":"info","message":"Server is running on port 3000","timestamp":"2025-06-02T05:25:18.928Z"}
{"level":"info","message":"MongoDB Connected","timestamp":"2025-06-02T05:25:18.953Z"}
{"level":"info","message":"Server is running on port 3000","timestamp":"2025-06-02T12:31:15.017Z"}
{"level":"info","message":"MongoDB Connected","timestamp":"2025-06-02T12:31:15.066Z"}
{"_message":"Point validation failed","errors":{"type":{"kind":"enum","message":"`TREE_REDEMPTION` is not a valid enum value for path `type`.","name":"ValidatorError","path":"type","properties":{"enumValues":["ATTENDANCE","TREE_PURCHASE","ACHIEVEMENT","BONUS"],"message":"`TREE_REDEMPTION` is not a valid enum value for path `type`.","path":"type","type":"enum","value":"TREE_REDEMPTION"},"value":"TREE_REDEMPTION"}},"level":"error","message":"Tree redemption error: Point validation failed: type: `TREE_REDEMPTION` is not a valid enum value for path `type`.","stack":"ValidationError: Point validation failed: type: `TREE_REDEMPTION` is not a valid enum value for path `type`.\n    at Document.invalidate (D:\\Study\\G\\UniTree\\server\\node_modules\\mongoose\\lib\\document.js:3219:32)\n    at D:\\Study\\G\\UniTree\\server\\node_modules\\mongoose\\lib\\document.js:3012:17\n    at D:\\Study\\G\\UniTree\\server\\node_modules\\mongoose\\lib\\schematype.js:1368:9\n    at process.processTicksAndRejections (node:internal/process/task_queues:77:11)","timestamp":"2025-06-02T14:19:27.148Z"}
{"_message":"Point validation failed","errors":{"type":{"kind":"enum","message":"`TREE_REDEMPTION` is not a valid enum value for path `type`.","name":"ValidatorError","path":"type","properties":{"enumValues":["ATTENDANCE","TREE_PURCHASE","ACHIEVEMENT","BONUS"],"message":"`TREE_REDEMPTION` is not a valid enum value for path `type`.","path":"type","type":"enum","value":"TREE_REDEMPTION"},"value":"TREE_REDEMPTION"}},"level":"error","message":"Tree redemption error: Point validation failed: type: `TREE_REDEMPTION` is not a valid enum value for path `type`.","stack":"ValidationError: Point validation failed: type: `TREE_REDEMPTION` is not a valid enum value for path `type`.\n    at Document.invalidate (D:\\Study\\G\\UniTree\\server\\node_modules\\mongoose\\lib\\document.js:3219:32)\n    at D:\\Study\\G\\UniTree\\server\\node_modules\\mongoose\\lib\\document.js:3012:17\n    at D:\\Study\\G\\UniTree\\server\\node_modules\\mongoose\\lib\\schematype.js:1368:9\n    at process.processTicksAndRejections (node:internal/process/task_queues:77:11)","timestamp":"2025-06-02T14:21:44.773Z"}
{"_message":"Point validation failed","errors":{"type":{"kind":"enum","message":"`TREE_REDEMPTION` is not a valid enum value for path `type`.","name":"ValidatorError","path":"type","properties":{"enumValues":["ATTENDANCE","TREE_PURCHASE","ACHIEVEMENT","BONUS"],"message":"`TREE_REDEMPTION` is not a valid enum value for path `type`.","path":"type","type":"enum","value":"TREE_REDEMPTION"},"value":"TREE_REDEMPTION"}},"level":"error","message":"Tree redemption error: Point validation failed: type: `TREE_REDEMPTION` is not a valid enum value for path `type`.","stack":"ValidationError: Point validation failed: type: `TREE_REDEMPTION` is not a valid enum value for path `type`.\n    at Document.invalidate (D:\\Study\\G\\UniTree\\server\\node_modules\\mongoose\\lib\\document.js:3219:32)\n    at D:\\Study\\G\\UniTree\\server\\node_modules\\mongoose\\lib\\document.js:3012:17\n    at D:\\Study\\G\\UniTree\\server\\node_modules\\mongoose\\lib\\schematype.js:1368:9\n    at process.processTicksAndRejections (node:internal/process/task_queues:77:11)","timestamp":"2025-06-02T14:23:21.926Z"}
{"_message":"Point validation failed","errors":{"type":{"kind":"enum","message":"`TREE_REDEMPTION` is not a valid enum value for path `type`.","name":"ValidatorError","path":"type","properties":{"enumValues":["ATTENDANCE","TREE_PURCHASE","ACHIEVEMENT","BONUS"],"message":"`TREE_REDEMPTION` is not a valid enum value for path `type`.","path":"type","type":"enum","value":"TREE_REDEMPTION"},"value":"TREE_REDEMPTION"}},"level":"error","message":"Tree redemption error: Point validation failed: type: `TREE_REDEMPTION` is not a valid enum value for path `type`.","stack":"ValidationError: Point validation failed: type: `TREE_REDEMPTION` is not a valid enum value for path `type`.\n    at Document.invalidate (D:\\Study\\G\\UniTree\\server\\node_modules\\mongoose\\lib\\document.js:3219:32)\n    at D:\\Study\\G\\UniTree\\server\\node_modules\\mongoose\\lib\\document.js:3012:17\n    at D:\\Study\\G\\UniTree\\server\\node_modules\\mongoose\\lib\\schematype.js:1368:9\n    at process.processTicksAndRejections (node:internal/process/task_queues:77:11)","timestamp":"2025-06-02T14:29:38.365Z"}
{"_message":"Point validation failed","errors":{"type":{"kind":"enum","message":"`TREE_REDEMPTION` is not a valid enum value for path `type`.","name":"ValidatorError","path":"type","properties":{"enumValues":["ATTENDANCE","TREE_PURCHASE","ACHIEVEMENT","BONUS"],"message":"`TREE_REDEMPTION` is not a valid enum value for path `type`.","path":"type","type":"enum","value":"TREE_REDEMPTION"},"value":"TREE_REDEMPTION"}},"level":"error","message":"Tree redemption error: Point validation failed: type: `TREE_REDEMPTION` is not a valid enum value for path `type`.","stack":"ValidationError: Point validation failed: type: `TREE_REDEMPTION` is not a valid enum value for path `type`.\n    at Document.invalidate (D:\\Study\\G\\UniTree\\server\\node_modules\\mongoose\\lib\\document.js:3219:32)\n    at D:\\Study\\G\\UniTree\\server\\node_modules\\mongoose\\lib\\document.js:3012:17\n    at D:\\Study\\G\\UniTree\\server\\node_modules\\mongoose\\lib\\schematype.js:1368:9\n    at process.processTicksAndRejections (node:internal/process/task_queues:77:11)","timestamp":"2025-06-02T14:29:43.258Z"}
{"_message":"Point validation failed","errors":{"type":{"kind":"enum","message":"`TREE_REDEMPTION` is not a valid enum value for path `type`.","name":"ValidatorError","path":"type","properties":{"enumValues":["ATTENDANCE","TREE_PURCHASE","ACHIEVEMENT","BONUS"],"message":"`TREE_REDEMPTION` is not a valid enum value for path `type`.","path":"type","type":"enum","value":"TREE_REDEMPTION"},"value":"TREE_REDEMPTION"}},"level":"error","message":"Tree redemption error: Point validation failed: type: `TREE_REDEMPTION` is not a valid enum value for path `type`.","stack":"ValidationError: Point validation failed: type: `TREE_REDEMPTION` is not a valid enum value for path `type`.\n    at Document.invalidate (D:\\Study\\G\\UniTree\\server\\node_modules\\mongoose\\lib\\document.js:3219:32)\n    at D:\\Study\\G\\UniTree\\server\\node_modules\\mongoose\\lib\\document.js:3012:17\n    at D:\\Study\\G\\UniTree\\server\\node_modules\\mongoose\\lib\\schematype.js:1368:9\n    at process.processTicksAndRejections (node:internal/process/task_queues:77:11)","timestamp":"2025-06-02T14:33:22.415Z"}
{"_message":"Point validation failed","errors":{"type":{"kind":"enum","message":"`TREE_REDEMPTION` is not a valid enum value for path `type`.","name":"ValidatorError","path":"type","properties":{"enumValues":["ATTENDANCE","TREE_PURCHASE","ACHIEVEMENT","BONUS"],"message":"`TREE_REDEMPTION` is not a valid enum value for path `type`.","path":"type","type":"enum","value":"TREE_REDEMPTION"},"value":"TREE_REDEMPTION"}},"level":"error","message":"Tree redemption error: Point validation failed: type: `TREE_REDEMPTION` is not a valid enum value for path `type`.","stack":"ValidationError: Point validation failed: type: `TREE_REDEMPTION` is not a valid enum value for path `type`.\n    at Document.invalidate (D:\\Study\\G\\UniTree\\server\\node_modules\\mongoose\\lib\\document.js:3219:32)\n    at D:\\Study\\G\\UniTree\\server\\node_modules\\mongoose\\lib\\document.js:3012:17\n    at D:\\Study\\G\\UniTree\\server\\node_modules\\mongoose\\lib\\schematype.js:1368:9\n    at process.processTicksAndRejections (node:internal/process/task_queues:77:11)","timestamp":"2025-06-02T14:33:34.517Z"}
{"_message":"Point validation failed","errors":{"type":{"kind":"enum","message":"`TREE_REDEMPTION` is not a valid enum value for path `type`.","name":"ValidatorError","path":"type","properties":{"enumValues":["ATTENDANCE","TREE_PURCHASE","ACHIEVEMENT","BONUS"],"message":"`TREE_REDEMPTION` is not a valid enum value for path `type`.","path":"type","type":"enum","value":"TREE_REDEMPTION"},"value":"TREE_REDEMPTION"}},"level":"error","message":"Tree redemption error: Point validation failed: type: `TREE_REDEMPTION` is not a valid enum value for path `type`.","stack":"ValidationError: Point validation failed: type: `TREE_REDEMPTION` is not a valid enum value for path `type`.\n    at Document.invalidate (D:\\Study\\G\\UniTree\\server\\node_modules\\mongoose\\lib\\document.js:3219:32)\n    at D:\\Study\\G\\UniTree\\server\\node_modules\\mongoose\\lib\\document.js:3012:17\n    at D:\\Study\\G\\UniTree\\server\\node_modules\\mongoose\\lib\\schematype.js:1368:9\n    at process.processTicksAndRejections (node:internal/process/task_queues:77:11)","timestamp":"2025-06-02T14:33:35.699Z"}
{"_message":"Point validation failed","errors":{"type":{"kind":"enum","message":"`TREE_REDEMPTION` is not a valid enum value for path `type`.","name":"ValidatorError","path":"type","properties":{"enumValues":["ATTENDANCE","TREE_PURCHASE","ACHIEVEMENT","BONUS"],"message":"`TREE_REDEMPTION` is not a valid enum value for path `type`.","path":"type","type":"enum","value":"TREE_REDEMPTION"},"value":"TREE_REDEMPTION"}},"level":"error","message":"Tree redemption error: Point validation failed: type: `TREE_REDEMPTION` is not a valid enum value for path `type`.","stack":"ValidationError: Point validation failed: type: `TREE_REDEMPTION` is not a valid enum value for path `type`.\n    at Document.invalidate (D:\\Study\\G\\UniTree\\server\\node_modules\\mongoose\\lib\\document.js:3219:32)\n    at D:\\Study\\G\\UniTree\\server\\node_modules\\mongoose\\lib\\document.js:3012:17\n    at D:\\Study\\G\\UniTree\\server\\node_modules\\mongoose\\lib\\schematype.js:1368:9\n    at process.processTicksAndRejections (node:internal/process/task_queues:77:11)","timestamp":"2025-06-02T14:33:36.927Z"}
{"_message":"User validation failed","errors":{"studentId":{"kind":"required","message":"Please provide a student ID","name":"ValidatorError","path":"studentId","properties":{"message":"Please provide a student ID","path":"studentId","type":"required"}}},"level":"error","message":"User update error: User validation failed: studentId: Please provide a student ID","stack":"ValidationError: User validation failed: studentId: Please provide a student ID\n    at Document.invalidate (D:\\Study\\G\\UniTree\\server\\node_modules\\mongoose\\lib\\document.js:3219:32)\n    at D:\\Study\\G\\UniTree\\server\\node_modules\\mongoose\\lib\\document.js:3012:17\n    at D:\\Study\\G\\UniTree\\server\\node_modules\\mongoose\\lib\\schematype.js:1368:9\n    at process.processTicksAndRejections (node:internal/process/task_queues:77:11)","timestamp":"2025-06-02T14:36:21.020Z"}
{"_message":"User validation failed","errors":{"studentId":{"kind":"required","message":"Please provide a student ID","name":"ValidatorError","path":"studentId","properties":{"message":"Please provide a student ID","path":"studentId","type":"required"}}},"level":"error","message":"User update error: User validation failed: studentId: Please provide a student ID","stack":"ValidationError: User validation failed: studentId: Please provide a student ID\n    at Document.invalidate (D:\\Study\\G\\UniTree\\server\\node_modules\\mongoose\\lib\\document.js:3219:32)\n    at D:\\Study\\G\\UniTree\\server\\node_modules\\mongoose\\lib\\document.js:3012:17\n    at D:\\Study\\G\\UniTree\\server\\node_modules\\mongoose\\lib\\schematype.js:1368:9\n    at process.processTicksAndRejections (node:internal/process/task_queues:77:11)","timestamp":"2025-06-02T14:38:02.085Z"}
{"expectedSsid":"NHL","level":"info","message":"Starting WiFi session:","ssid":"NHL","timestamp":"2025-06-09T09:03:08.812Z","userId":"683c9fd5d48b498df8a49939"}
{"expectedSsid":"NHL","level":"info","message":"Starting WiFi session:","ssid":"NHL","timestamp":"2025-06-09T09:03:09.044Z","userId":"683c9fd5d48b498df8a49939"}
{"expectedSsid":"NHL","level":"info","message":"Starting WiFi session:","ssid":"NHL","timestamp":"2025-06-09T14:08:59.600Z","userId":"6846e9c6fdac2f47f9eeaeaa"}
{"expectedSsid":"NHL","level":"info","message":"Starting WiFi session:","ssid":"NHL","timestamp":"2025-06-09T14:08:59.618Z","userId":"6846e9c6fdac2f47f9eeaeaa"}
{"expectedSsid":"NHL","level":"info","message":"Starting WiFi session:","ssid":"NHL","timestamp":"2025-06-09T14:20:51.695Z","userId":"6846e9c6fdac2f47f9eeaeaa"}
{"expectedSsid":"NHL","level":"info","message":"Starting WiFi session:","ssid":"NHL","timestamp":"2025-06-09T14:20:51.715Z","userId":"6846e9c6fdac2f47f9eeaeaa"}
{"expectedSsid":"NHL","level":"info","message":"Starting WiFi session:","ssid":"NHL","timestamp":"2025-06-09T14:33:30.560Z","userId":"6846e9c6fdac2f47f9eeaeaa"}
{"expectedSsid":"NHL","level":"info","message":"Starting WiFi session:","ssid":"NHL","timestamp":"2025-06-09T14:33:30.574Z","userId":"6846e9c6fdac2f47f9eeaeaa"}
{"expectedSsid":"NHL","level":"info","message":"Starting WiFi session:","ssid":"NHL","timestamp":"2025-06-09T14:44:00.559Z","userId":"6846e9c6fdac2f47f9eeaeaa"}
{"expectedSsid":"NHL","level":"info","message":"Starting WiFi session:","ssid":"NHL","timestamp":"2025-06-09T14:44:00.571Z","userId":"6846e9c6fdac2f47f9eeaeaa"}
{"expectedSsid":"NHL","level":"info","message":"Starting WiFi session:","ssid":"NHL","timestamp":"2025-06-09T14:45:00.180Z","userId":"6846e9c6fdac2f47f9eeaeaa"}
{"expectedSsid":"NHL","level":"info","message":"Starting WiFi session:","ssid":"NHL","timestamp":"2025-06-09T14:45:00.199Z","userId":"6846e9c6fdac2f47f9eeaeaa"}
{"level":"info","message":"Forcing cleanup of active sessions for user:","timestamp":"2025-06-09T15:07:07.180Z"}
{"level":"info","message":"Force cleaned up sessions:","sessionsCount":1,"timestamp":"2025-06-09T15:07:07.201Z","userId":"6846e9c6fdac2f47f9eeaeaa"}
{"expectedSsid":"NHL","level":"info","message":"Starting WiFi session:","ssid":"NHL","timestamp":"2025-06-09T15:07:12.988Z","userId":"6846e9c6fdac2f47f9eeaeaa"}
{"expectedSsid":"NHL","level":"info","message":"Starting WiFi session:","ssid":"NHL","timestamp":"2025-06-09T15:07:13.013Z","userId":"6846e9c6fdac2f47f9eeaeaa"}
{"expectedSsid":"NHL","level":"info","message":"Starting WiFi session:","ssid":"NHL","timestamp":"2025-06-09T15:07:13.021Z","userId":"6846e9c6fdac2f47f9eeaeaa"}
{"expectedSsid":"NHL","level":"info","message":"Starting WiFi session:","ssid":"NHL","timestamp":"2025-06-09T15:07:13.030Z","userId":"6846e9c6fdac2f47f9eeaeaa"}
{"level":"info","message":"Forcing cleanup of active sessions for user:","timestamp":"2025-06-09T15:07:13.405Z"}
{"level":"info","message":"Force cleaned up sessions:","sessionsCount":1,"timestamp":"2025-06-09T15:07:13.414Z","userId":"6846e9c6fdac2f47f9eeaeaa"}
{"level":"info","message":"Forcing cleanup of active sessions for user:","timestamp":"2025-06-09T15:07:13.429Z"}
{"level":"info","message":"Forcing cleanup of active sessions for user:","timestamp":"2025-06-09T15:07:13.509Z"}
{"expectedSsid":"NHL","level":"info","message":"Starting WiFi session:","ssid":"NHL","timestamp":"2025-06-09T15:07:14.787Z","userId":"6846e9c6fdac2f47f9eeaeaa"}
{"expectedSsid":"NHL","level":"info","message":"Starting WiFi session:","ssid":"NHL","timestamp":"2025-06-09T15:07:14.793Z","userId":"6846e9c6fdac2f47f9eeaeaa"}
{"expectedSsid":"NHL","level":"info","message":"Starting WiFi session:","ssid":"NHL","timestamp":"2025-06-09T15:07:14.814Z","userId":"6846e9c6fdac2f47f9eeaeaa"}
{"level":"info","message":"Forcing cleanup of active sessions for user:","timestamp":"2025-06-09T15:08:03.153Z"}
{"level":"info","message":"Force cleaned up sessions:","sessionsCount":2,"timestamp":"2025-06-09T15:08:03.165Z","userId":"6846e9c6fdac2f47f9eeaeaa"}
{"expectedSsid":"NHL","level":"info","message":"Starting WiFi session:","ssid":"NHL","timestamp":"2025-06-09T15:08:07.705Z","userId":"6846e9c6fdac2f47f9eeaeaa"}
{"expectedSsid":"NHL","level":"info","message":"Starting WiFi session:","ssid":"NHL","timestamp":"2025-06-09T15:08:07.719Z","userId":"6846e9c6fdac2f47f9eeaeaa"}
{"expectedSsid":"NHL","level":"info","message":"Starting WiFi session:","ssid":"NHL","timestamp":"2025-06-09T15:08:07.756Z","userId":"6846e9c6fdac2f47f9eeaeaa"}
{"expectedSsid":"NHL","level":"info","message":"Starting WiFi session:","ssid":"NHL","timestamp":"2025-06-09T15:08:07.769Z","userId":"6846e9c6fdac2f47f9eeaeaa"}
{"level":"info","message":"Forcing cleanup of active sessions for user:","timestamp":"2025-06-09T15:08:07.989Z"}
{"level":"info","message":"Force cleaned up sessions:","sessionsCount":1,"timestamp":"2025-06-09T15:08:07.997Z","userId":"6846e9c6fdac2f47f9eeaeaa"}
{"level":"info","message":"Forcing cleanup of active sessions for user:","timestamp":"2025-06-09T15:08:08.019Z"}
{"level":"info","message":"Forcing cleanup of active sessions for user:","timestamp":"2025-06-09T15:08:08.052Z"}
{"expectedSsid":"NHL","level":"info","message":"Starting WiFi session:","ssid":"NHL","timestamp":"2025-06-09T15:08:08.358Z","userId":"6846e9c6fdac2f47f9eeaeaa"}
{"expectedSsid":"NHL","level":"info","message":"Starting WiFi session:","ssid":"NHL","timestamp":"2025-06-09T15:08:08.376Z","userId":"6846e9c6fdac2f47f9eeaeaa"}
{"expectedSsid":"NHL","level":"info","message":"Starting WiFi session:","ssid":"NHL","timestamp":"2025-06-09T15:08:08.419Z","userId":"6846e9c6fdac2f47f9eeaeaa"}
{"level":"info","message":"Forcing cleanup of active sessions for user:","timestamp":"2025-06-09T16:22:11.672Z"}
{"level":"info","message":"Force cleaned up sessions:","sessionsCount":1,"timestamp":"2025-06-09T16:22:11.678Z","userId":"6846e9c6fdac2f47f9eeaeaa"}
{"expectedSsid":"NHL","level":"info","message":"Starting WiFi session:","ssid":"NHL","timestamp":"2025-06-09T16:22:16.969Z","userId":"6846e9c6fdac2f47f9eeaeaa"}
{"expectedSsid":"NHL","level":"info","message":"Starting WiFi session:","ssid":"NHL","timestamp":"2025-06-09T16:22:17.007Z","userId":"6846e9c6fdac2f47f9eeaeaa"}
{"expectedSsid":"NHL","level":"info","message":"Starting WiFi session:","ssid":"NHL","timestamp":"2025-06-09T16:22:17.106Z","userId":"6846e9c6fdac2f47f9eeaeaa"}
{"expectedSsid":"NHL","level":"info","message":"Starting WiFi session:","ssid":"NHL","timestamp":"2025-06-09T16:22:17.332Z","userId":"6846e9c6fdac2f47f9eeaeaa"}
{"level":"info","message":"Forcing cleanup of active sessions for user:","timestamp":"2025-06-09T16:22:17.418Z"}
{"level":"info","message":"Force cleaned up sessions:","sessionsCount":1,"timestamp":"2025-06-09T16:22:17.423Z","userId":"6846e9c6fdac2f47f9eeaeaa"}
{"level":"info","message":"Forcing cleanup of active sessions for user:","timestamp":"2025-06-09T16:22:17.501Z"}
{"level":"info","message":"Forcing cleanup of active sessions for user:","timestamp":"2025-06-09T16:22:17.557Z"}
{"expectedSsid":"NHL","level":"info","message":"Starting WiFi session:","ssid":"NHL","timestamp":"2025-06-09T16:22:18.992Z","userId":"6846e9c6fdac2f47f9eeaeaa"}
{"expectedSsid":"NHL","level":"info","message":"Starting WiFi session:","ssid":"NHL","timestamp":"2025-06-09T16:22:19.007Z","userId":"6846e9c6fdac2f47f9eeaeaa"}
{"expectedSsid":"NHL","level":"info","message":"Starting WiFi session:","ssid":"NHL","timestamp":"2025-06-09T16:22:19.035Z","userId":"6846e9c6fdac2f47f9eeaeaa"}
{"level":"info","message":"Forcing cleanup of active sessions for user:","timestamp":"2025-06-09T16:27:33.732Z"}
{"level":"info","message":"Force cleaned up sessions:","sessionsCount":1,"timestamp":"2025-06-09T16:27:33.741Z","userId":"6846e9c6fdac2f47f9eeaeaa"}
{"expectedSsid":"NHL","level":"info","message":"Starting WiFi session:","ssid":"NHL","timestamp":"2025-06-09T16:27:38.193Z","userId":"6846e9c6fdac2f47f9eeaeaa"}
{"level":"info","message":"Forcing cleanup of active sessions for user:","timestamp":"2025-06-09T17:51:05.009Z"}
{"level":"info","message":"Force cleaned up sessions:","sessionsCount":1,"timestamp":"2025-06-09T17:51:05.034Z","userId":"6846e9c6fdac2f47f9eeaeaa"}
{"expectedSsid":"NHL","level":"info","message":"Starting WiFi session:","ssid":"NHL","timestamp":"2025-06-09T17:51:10.065Z","userId":"6846e9c6fdac2f47f9eeaeaa"}
{"_message":"Point validation failed","errors":{"type":{"kind":"enum","message":"`WIFI_ATTENDANCE` is not a valid enum value for path `type`.","name":"ValidatorError","path":"type","properties":{"enumValues":["ATTENDANCE","TREE_PURCHASE","TREE_REDEMPTION","ACHIEVEMENT","BONUS"],"message":"`WIFI_ATTENDANCE` is not a valid enum value for path `type`.","path":"type","type":"enum","value":"WIFI_ATTENDANCE"},"value":"WIFI_ATTENDANCE"}},"level":"error","message":"Award points error: Point validation failed: type: `WIFI_ATTENDANCE` is not a valid enum value for path `type`.","stack":"ValidationError: Point validation failed: type: `WIFI_ATTENDANCE` is not a valid enum value for path `type`.\n    at Document.invalidate (D:\\Study\\G\\UniTree\\server\\node_modules\\mongoose\\lib\\document.js:3219:32)\n    at D:\\Study\\G\\UniTree\\server\\node_modules\\mongoose\\lib\\document.js:3012:17\n    at D:\\Study\\G\\UniTree\\server\\node_modules\\mongoose\\lib\\schematype.js:1368:9\n    at process.processTicksAndRejections (node:internal/process/task_queues:77:11)","timestamp":"2025-06-09T19:36:30.939Z"}
{"_message":"Point validation failed","errors":{"type":{"kind":"enum","message":"`WIFI_ATTENDANCE` is not a valid enum value for path `type`.","name":"ValidatorError","path":"type","properties":{"enumValues":["ATTENDANCE","TREE_PURCHASE","TREE_REDEMPTION","ACHIEVEMENT","BONUS"],"message":"`WIFI_ATTENDANCE` is not a valid enum value for path `type`.","path":"type","type":"enum","value":"WIFI_ATTENDANCE"},"value":"WIFI_ATTENDANCE"}},"level":"error","message":"Award points error: Point validation failed: type: `WIFI_ATTENDANCE` is not a valid enum value for path `type`.","stack":"ValidationError: Point validation failed: type: `WIFI_ATTENDANCE` is not a valid enum value for path `type`.\n    at Document.invalidate (D:\\Study\\G\\UniTree\\server\\node_modules\\mongoose\\lib\\document.js:3219:32)\n    at D:\\Study\\G\\UniTree\\server\\node_modules\\mongoose\\lib\\document.js:3012:17\n    at D:\\Study\\G\\UniTree\\server\\node_modules\\mongoose\\lib\\schematype.js:1368:9\n    at process.processTicksAndRejections (node:internal/process/task_queues:77:11)","timestamp":"2025-06-09T19:36:30.947Z"}
{"_message":"Point validation failed","errors":{"type":{"kind":"enum","message":"`WIFI_ATTENDANCE` is not a valid enum value for path `type`.","name":"ValidatorError","path":"type","properties":{"enumValues":["ATTENDANCE","TREE_PURCHASE","TREE_REDEMPTION","ACHIEVEMENT","BONUS"],"message":"`WIFI_ATTENDANCE` is not a valid enum value for path `type`.","path":"type","type":"enum","value":"WIFI_ATTENDANCE"},"value":"WIFI_ATTENDANCE"}},"level":"error","message":"Award points error: Point validation failed: type: `WIFI_ATTENDANCE` is not a valid enum value for path `type`.","stack":"ValidationError: Point validation failed: type: `WIFI_ATTENDANCE` is not a valid enum value for path `type`.\n    at Document.invalidate (D:\\Study\\G\\UniTree\\server\\node_modules\\mongoose\\lib\\document.js:3219:32)\n    at D:\\Study\\G\\UniTree\\server\\node_modules\\mongoose\\lib\\document.js:3012:17\n    at D:\\Study\\G\\UniTree\\server\\node_modules\\mongoose\\lib\\schematype.js:1368:9\n    at process.processTicksAndRejections (node:internal/process/task_queues:77:11)","timestamp":"2025-06-09T19:38:58.085Z"}
{"_message":"Point validation failed","errors":{"type":{"kind":"enum","message":"`WIFI_ATTENDANCE` is not a valid enum value for path `type`.","name":"ValidatorError","path":"type","properties":{"enumValues":["ATTENDANCE","TREE_PURCHASE","TREE_REDEMPTION","ACHIEVEMENT","BONUS"],"message":"`WIFI_ATTENDANCE` is not a valid enum value for path `type`.","path":"type","type":"enum","value":"WIFI_ATTENDANCE"},"value":"WIFI_ATTENDANCE"}},"level":"error","message":"Award points error: Point validation failed: type: `WIFI_ATTENDANCE` is not a valid enum value for path `type`.","stack":"ValidationError: Point validation failed: type: `WIFI_ATTENDANCE` is not a valid enum value for path `type`.\n    at Document.invalidate (D:\\Study\\G\\UniTree\\server\\node_modules\\mongoose\\lib\\document.js:3219:32)\n    at D:\\Study\\G\\UniTree\\server\\node_modules\\mongoose\\lib\\document.js:3012:17\n    at D:\\Study\\G\\UniTree\\server\\node_modules\\mongoose\\lib\\schematype.js:1368:9\n    at process.processTicksAndRejections (node:internal/process/task_queues:77:11)","timestamp":"2025-06-09T19:38:58.094Z"}
{"_message":"Point validation failed","errors":{"type":{"kind":"enum","message":"`WIFI_ATTENDANCE` is not a valid enum value for path `type`.","name":"ValidatorError","path":"type","properties":{"enumValues":["ATTENDANCE","TREE_PURCHASE","TREE_REDEMPTION","ACHIEVEMENT","BONUS"],"message":"`WIFI_ATTENDANCE` is not a valid enum value for path `type`.","path":"type","type":"enum","value":"WIFI_ATTENDANCE"},"value":"WIFI_ATTENDANCE"}},"level":"error","message":"Award points error: Point validation failed: type: `WIFI_ATTENDANCE` is not a valid enum value for path `type`.","stack":"ValidationError: Point validation failed: type: `WIFI_ATTENDANCE` is not a valid enum value for path `type`.\n    at Document.invalidate (D:\\Study\\G\\UniTree\\server\\node_modules\\mongoose\\lib\\document.js:3219:32)\n    at D:\\Study\\G\\UniTree\\server\\node_modules\\mongoose\\lib\\document.js:3012:17\n    at D:\\Study\\G\\UniTree\\server\\node_modules\\mongoose\\lib\\schematype.js:1368:9\n    at process.processTicksAndRejections (node:internal/process/task_queues:77:11)","timestamp":"2025-06-09T19:42:59.071Z"}
{"_message":"Point validation failed","errors":{"type":{"kind":"enum","message":"`WIFI_ATTENDANCE` is not a valid enum value for path `type`.","name":"ValidatorError","path":"type","properties":{"enumValues":["ATTENDANCE","TREE_PURCHASE","TREE_REDEMPTION","ACHIEVEMENT","BONUS"],"message":"`WIFI_ATTENDANCE` is not a valid enum value for path `type`.","path":"type","type":"enum","value":"WIFI_ATTENDANCE"},"value":"WIFI_ATTENDANCE"}},"level":"error","message":"Award points error: Point validation failed: type: `WIFI_ATTENDANCE` is not a valid enum value for path `type`.","stack":"ValidationError: Point validation failed: type: `WIFI_ATTENDANCE` is not a valid enum value for path `type`.\n    at Document.invalidate (D:\\Study\\G\\UniTree\\server\\node_modules\\mongoose\\lib\\document.js:3219:32)\n    at D:\\Study\\G\\UniTree\\server\\node_modules\\mongoose\\lib\\document.js:3012:17\n    at D:\\Study\\G\\UniTree\\server\\node_modules\\mongoose\\lib\\schematype.js:1368:9\n    at process.processTicksAndRejections (node:internal/process/task_queues:77:11)","timestamp":"2025-06-09T19:42:59.081Z"}
{"hours":1,"level":"info","message":"WiFi hours added to trees:","timestamp":"2025-06-09T19:50:32.043Z","treesUpdated":1,"userId":"6846e9c6fdac2f47f9eeaeaa"}
{"hoursCompleted":1,"level":"info","message":"Points awarded successfully:","newTotalPoints":1700,"pointsAwarded":100,"timestamp":"2025-06-09T19:50:32.049Z","userId":"6846e9c6fdac2f47f9eeaeaa"}
{"hours":1,"level":"info","message":"WiFi hours added to trees:","timestamp":"2025-06-09T19:50:32.057Z","treesUpdated":1,"userId":"6846e9c6fdac2f47f9eeaeaa"}
{"hoursCompleted":1,"level":"info","message":"Points awarded successfully:","newTotalPoints":1700,"pointsAwarded":100,"timestamp":"2025-06-09T19:50:32.060Z","userId":"6846e9c6fdac2f47f9eeaeaa"}
{"hours":1,"level":"info","message":"WiFi hours added to trees:","timestamp":"2025-06-09T19:50:56.576Z","treesUpdated":1,"userId":"6846e9c6fdac2f47f9eeaeaa"}
{"hoursCompleted":1,"level":"info","message":"Points awarded successfully:","newTotalPoints":1800,"pointsAwarded":100,"timestamp":"2025-06-09T19:50:56.579Z","userId":"6846e9c6fdac2f47f9eeaeaa"}
{"hours":1,"level":"info","message":"WiFi hours added to trees:","timestamp":"2025-06-09T19:51:09.458Z","treesUpdated":1,"userId":"6846e9c6fdac2f47f9eeaeaa"}
{"hoursCompleted":1,"level":"info","message":"Points awarded successfully:","newTotalPoints":1900,"pointsAwarded":100,"timestamp":"2025-06-09T19:51:09.461Z","userId":"6846e9c6fdac2f47f9eeaeaa"}
{"hours":1,"level":"info","message":"WiFi hours added to trees:","timestamp":"2025-06-09T19:51:09.540Z","treesUpdated":1,"userId":"6846e9c6fdac2f47f9eeaeaa"}
{"hoursCompleted":1,"level":"info","message":"Points awarded successfully:","newTotalPoints":2000,"pointsAwarded":100,"timestamp":"2025-06-09T19:51:09.543Z","userId":"6846e9c6fdac2f47f9eeaeaa"}
{"hours":2,"level":"info","message":"WiFi hours added to trees:","timestamp":"2025-06-09T19:51:52.102Z","treesUpdated":1,"userId":"6846e9c6fdac2f47f9eeaeaa"}
{"hoursCompleted":2,"level":"info","message":"Points awarded successfully:","newTotalPoints":2200,"pointsAwarded":200,"timestamp":"2025-06-09T19:51:52.105Z","userId":"6846e9c6fdac2f47f9eeaeaa"}
{"hours":2,"level":"info","message":"WiFi hours added to trees:","timestamp":"2025-06-09T19:51:52.186Z","treesUpdated":1,"userId":"6846e9c6fdac2f47f9eeaeaa"}
{"hoursCompleted":2,"level":"info","message":"Points awarded successfully:","newTotalPoints":2400,"pointsAwarded":200,"timestamp":"2025-06-09T19:51:52.189Z","userId":"6846e9c6fdac2f47f9eeaeaa"}
{"hours":2,"level":"info","message":"WiFi hours added to trees:","timestamp":"2025-06-09T19:52:19.525Z","treesUpdated":1,"userId":"6846e9c6fdac2f47f9eeaeaa"}
{"hoursCompleted":2,"level":"info","message":"Points awarded successfully:","newTotalPoints":2600,"pointsAwarded":200,"timestamp":"2025-06-09T19:52:19.528Z","userId":"6846e9c6fdac2f47f9eeaeaa"}
{"hours":2,"level":"info","message":"WiFi hours added to trees:","timestamp":"2025-06-09T19:52:19.587Z","treesUpdated":1,"userId":"6846e9c6fdac2f47f9eeaeaa"}
{"hoursCompleted":2,"level":"info","message":"Points awarded successfully:","newTotalPoints":2800,"pointsAwarded":200,"timestamp":"2025-06-09T19:52:19.589Z","userId":"6846e9c6fdac2f47f9eeaeaa"}
{"hours":2,"level":"info","message":"WiFi hours added to trees:","timestamp":"2025-06-09T19:54:03.387Z","treesUpdated":1,"userId":"6846e9c6fdac2f47f9eeaeaa"}
{"hours":2,"level":"info","message":"WiFi hours added to trees:","timestamp":"2025-06-09T19:54:03.391Z","treesUpdated":1,"userId":"6846e9c6fdac2f47f9eeaeaa"}
{"hoursCompleted":2,"level":"info","message":"Points awarded successfully:","newTotalPoints":3200,"pointsAwarded":200,"timestamp":"2025-06-09T19:54:03.395Z","userId":"6846e9c6fdac2f47f9eeaeaa"}
{"hoursCompleted":2,"level":"info","message":"Points awarded successfully:","newTotalPoints":3200,"pointsAwarded":200,"timestamp":"2025-06-09T19:54:03.397Z","userId":"6846e9c6fdac2f47f9eeaeaa"}
{"hours":2,"level":"info","message":"WiFi hours added to trees:","timestamp":"2025-06-09T19:54:16.787Z","treesUpdated":1,"userId":"6846e9c6fdac2f47f9eeaeaa"}
{"hoursCompleted":2,"level":"info","message":"Points awarded successfully:","newTotalPoints":3400,"pointsAwarded":200,"timestamp":"2025-06-09T19:54:16.791Z","userId":"6846e9c6fdac2f47f9eeaeaa"}
{"hours":2,"level":"info","message":"WiFi hours added to trees:","timestamp":"2025-06-09T19:54:16.834Z","treesUpdated":1,"userId":"6846e9c6fdac2f47f9eeaeaa"}
{"hoursCompleted":2,"level":"info","message":"Points awarded successfully:","newTotalPoints":3600,"pointsAwarded":200,"timestamp":"2025-06-09T19:54:16.839Z","userId":"6846e9c6fdac2f47f9eeaeaa"}
{"hours":2,"level":"info","message":"WiFi hours added to trees:","timestamp":"2025-06-09T19:54:26.306Z","treesUpdated":1,"userId":"6846e9c6fdac2f47f9eeaeaa"}
{"hoursCompleted":2,"level":"info","message":"Points awarded successfully:","newTotalPoints":3800,"pointsAwarded":200,"timestamp":"2025-06-09T19:54:26.311Z","userId":"6846e9c6fdac2f47f9eeaeaa"}
{"hours":2,"level":"info","message":"WiFi hours added to trees:","timestamp":"2025-06-09T19:54:26.326Z","treesUpdated":1,"userId":"6846e9c6fdac2f47f9eeaeaa"}
{"hoursCompleted":2,"level":"info","message":"Points awarded successfully:","newTotalPoints":4000,"pointsAwarded":200,"timestamp":"2025-06-09T19:54:26.329Z","userId":"6846e9c6fdac2f47f9eeaeaa"}
{"level":"info","message":"Forcing cleanup of active sessions for user:","timestamp":"2025-06-09T20:39:58.364Z"}
{"level":"info","message":"Force cleaned up sessions:","sessionsCount":1,"timestamp":"2025-06-09T20:39:58.379Z","userId":"6846e9c6fdac2f47f9eeaeaa"}
{"expectedSsid":"NHL","level":"info","message":"Starting WiFi session:","ssid":"NHL","timestamp":"2025-06-09T20:40:03.651Z","userId":"6846e9c6fdac2f47f9eeaeaa"}
{"level":"info","message":"Forcing cleanup of active sessions for user:","timestamp":"2025-06-09T20:41:56.350Z"}
{"expectedSsid":"NHL","level":"info","message":"Starting WiFi session:","ssid":"NHL","timestamp":"2025-06-09T20:42:02.506Z","userId":"6846e9c6fdac2f47f9eeaeaa"}
{"level":"info","message":"Forcing cleanup of active sessions for user:","timestamp":"2025-06-10T02:12:39.826Z"}
{"level":"info","message":"Force cleaned up sessions:","sessionsCount":1,"timestamp":"2025-06-10T02:12:39.877Z","userId":"6846e9c6fdac2f47f9eeaeaa"}
{"expectedSsid":"Gre_Student","level":"info","message":"Starting WiFi session:","ssid":"Gre_Student","timestamp":"2025-06-10T02:12:41.012Z","userId":"6846e9c6fdac2f47f9eeaeaa"}
{"expectedSsid":"Gre_Student","level":"info","message":"Starting WiFi session:","ssid":"Gre_Student","timestamp":"2025-06-10T02:55:14.112Z","userId":"6846e9c6fdac2f47f9eeaeaa"}
{"expectedSsid":"Gre_Student","level":"info","message":"Starting WiFi session:","ssid":"Gre_Student","timestamp":"2025-06-10T02:58:23.118Z","userId":"6846e9c6fdac2f47f9eeaeaa"}
{"hours":2,"level":"info","message":"WiFi hours added to trees (periodic):","timestamp":"2025-06-10T04:42:07.970Z","treesUpdated":2,"userId":"6846e9c6fdac2f47f9eeaeaa"}
{"durationMinutes":149,"hoursAlreadyAwarded":0,"level":"info","message":"Periodic points awarded:","newHoursAwarded":2,"newTotalPoints":1000,"pointsAwarded":200,"sessionId":"68479499cb155591a963c85e","timestamp":"2025-06-10T04:42:07.975Z","totalHoursCompleted":2,"userId":"6846e9c6fdac2f47f9eeaeaa"}
{"expectedSsid":"Gre_Student","level":"info","message":"Starting WiFi session:","ssid":"Gre_Student","timestamp":"2025-06-10T05:57:57.094Z","userId":"6846e9c6fdac2f47f9eeaeaa"}
{"hours":1,"level":"info","message":"WiFi hours added to trees (periodic):","timestamp":"2025-06-10T05:57:58.285Z","treesUpdated":1,"userId":"6846e9c6fdac2f47f9eeaeaa"}
{"durationMinutes":225,"hoursAlreadyAwarded":2,"level":"info","message":"Periodic points awarded:","newHoursAwarded":1,"newTotalPoints":1000,"pointsAwarded":100,"sessionId":"68479499cb155591a963c85e","timestamp":"2025-06-10T05:57:58.290Z","totalHoursCompleted":3,"userId":"6846e9c6fdac2f47f9eeaeaa"}
{"durationMinutes":240,"hoursAlreadyAwarded":3,"level":"info","message":"Periodic points awarded:","newHoursAwarded":1,"newTotalPoints":1100,"pointsAwarded":100,"sessionId":"68479499cb155591a963c85e","timestamp":"2025-06-10T06:12:41.107Z","totalHoursCompleted":4,"userId":"6846e9c6fdac2f47f9eeaeaa"}
{"level":"info","message":"Leaderboard fetched:","timestamp":"2025-06-10T06:30:37.047Z","totalUsers":3,"userId":"6846e9c6fdac2f47f9eeaeaa","userRank":1}
{"level":"info","message":"Leaderboard fetched:","timestamp":"2025-06-10T06:30:54.736Z","totalUsers":3,"userId":"6846e9c6fdac2f47f9eeaeaa","userRank":1}
{"level":"info","message":"Leaderboard fetched:","timestamp":"2025-06-10T06:31:27.655Z","totalUsers":3,"userId":"6846e9c6fdac2f47f9eeaeaa","userRank":1}
{"level":"info","message":"Leaderboard fetched:","timestamp":"2025-06-10T06:31:55.797Z","totalUsers":3,"userId":"6846e9c6fdac2f47f9eeaeaa","userRank":1}
{"level":"info","message":"Leaderboard fetched:","timestamp":"2025-06-10T06:32:07.143Z","totalUsers":3,"userId":"6846e9c6fdac2f47f9eeaeaa","userRank":1}
{"level":"info","message":"Leaderboard fetched:","timestamp":"2025-06-10T06:32:12.977Z","totalUsers":3,"userId":"6846e9c6fdac2f47f9eeaeaa","userRank":1}
{"durationMinutes":356,"hoursAlreadyAwarded":4,"level":"info","message":"Periodic points awarded:","newHoursAwarded":1,"newTotalPoints":1200,"pointsAwarded":100,"sessionId":"68479499cb155591a963c85e","timestamp":"2025-06-10T08:09:25.057Z","totalHoursCompleted":5,"userId":"6846e9c6fdac2f47f9eeaeaa"}
{"durationMinutes":360,"hoursAlreadyAwarded":5,"level":"info","message":"Periodic points awarded:","newHoursAwarded":1,"newTotalPoints":1300,"pointsAwarded":100,"sessionId":"68479499cb155591a963c85e","timestamp":"2025-06-10T08:12:42.165Z","totalHoursCompleted":6,"userId":"6846e9c6fdac2f47f9eeaeaa"}
{"completeHours":11,"durationMinutes":663,"hoursAlreadyAwarded":6,"level":"info","message":"Remaining points awarded on session end:","remainingHoursToAward":5,"remainingPointsToAward":500,"sessionId":"68479499cb155591a963c85e","timestamp":"2025-06-10T13:15:55.692Z","userId":"6846e9c6fdac2f47f9eeaeaa"}
{"level":"info","message":"Leaderboard fetched:","timestamp":"2025-06-10T13:29:11.052Z","totalUsers":3,"userId":"6846e9c6fdac2f47f9eeaeaa","userRank":1}
{"expectedSsid":"Gre_Student","level":"info","message":"Starting WiFi session:","ssid":"Gre_Student","timestamp":"2025-06-11T04:24:54.356Z","userId":"684850fe46b46d22ef93910e"}
{"level":"info","message":"WiFi session started:","sessionId":"68490516de87cac4f1e9764c","timestamp":"2025-06-11T04:24:54.415Z","userId":"684850fe46b46d22ef93910e"}
{"expectedSsid":"Gre_Student","level":"info","message":"Starting WiFi session:","ssid":"Gre_Student","timestamp":"2025-06-11T05:27:37.877Z","userId":"684850fe46b46d22ef93910e"}
{"level":"info","message":"WiFi session started:","sessionId":"684913c9ba1a080421beac15","timestamp":"2025-06-11T05:27:37.923Z","userId":"684850fe46b46d22ef93910e"}
{"level":"info","message":"Session ended with no new hours completed:","sessionDurationMinutes":22,"sessionId":"684913c9ba1a080421beac15","timestamp":"2025-06-11T05:49:42.714Z","totalHoursAfterSession":0,"totalTimeAfterSession":22,"userId":"684850fe46b46d22ef93910e"}
{"expectedSsid":"Gre_Student","level":"info","message":"Starting WiFi session:","ssid":"Gre_Student","timestamp":"2025-06-11T05:50:02.815Z","userId":"684850fe46b46d22ef93910e"}
{"level":"info","message":"WiFi session started:","sessionId":"6849190a0f8a6bd49bffae1d","timestamp":"2025-06-11T05:50:02.830Z","userId":"684850fe46b46d22ef93910e"}
{"level":"info","message":"Session ended with no new hours completed:","sessionDurationMinutes":14,"sessionId":"6849190a0f8a6bd49bffae1d","timestamp":"2025-06-11T06:04:40.927Z","totalHoursAfterSession":0,"totalTimeAfterSession":36,"userId":"684850fe46b46d22ef93910e"}
{"expectedSsid":"Gre_Student","level":"info","message":"Starting WiFi session:","ssid":"Gre_Student","timestamp":"2025-06-11T06:05:00.858Z","userId":"684850fe46b46d22ef93910e"}
{"level":"info","message":"WiFi session started:","sessionId":"68491c8c0f8a6bd49bffb106","timestamp":"2025-06-11T06:05:00.868Z","userId":"684850fe46b46d22ef93910e"}
{"level":"info","message":"Session ended with no new hours completed:","sessionDurationMinutes":0,"sessionId":"68491c8c0f8a6bd49bffb106","timestamp":"2025-06-11T06:05:22.698Z","totalHoursAfterSession":0,"totalTimeAfterSession":37,"userId":"684850fe46b46d22ef93910e"}
{"expectedSsid":"Gre_Student","level":"info","message":"Starting WiFi session:","ssid":"Gre_Student","timestamp":"2025-06-11T06:24:32.739Z","userId":"684850fe46b46d22ef93910e"}
{"level":"info","message":"WiFi session started:","sessionId":"684921200f8a6bd49bffb14e","timestamp":"2025-06-11T06:24:32.748Z","userId":"684850fe46b46d22ef93910e"}
{"level":"info","message":"Session ended with no new hours completed:","sessionDurationMinutes":21,"sessionId":"684921200f8a6bd49bffb14e","timestamp":"2025-06-11T06:45:36.025Z","totalHoursAfterSession":0,"totalTimeAfterSession":58,"userId":"684850fe46b46d22ef93910e"}
{"expectedSsid":"Gre_Student","level":"info","message":"Starting WiFi session:","ssid":"Gre_Student","timestamp":"2025-06-11T07:41:52.225Z","userId":"684850fe46b46d22ef93910e"}
{"level":"info","message":"WiFi session started:","sessionId":"68493340caa09f0889172a2c","timestamp":"2025-06-11T07:41:52.263Z","userId":"684850fe46b46d22ef93910e"}
{"hours":1,"level":"info","message":"WiFi hours added to trees:","sessionStartTime":"2025-06-11T07:41:52.231Z","timestamp":"2025-06-11T07:44:14.089Z","treesUpdated":1,"userId":"684850fe46b46d22ef93910e"}
{"level":"info","message":"Points awarded for session completion:","newHoursToAward":1,"pointsAwarded":100,"sessionDurationMinutes":2,"sessionId":"68493340caa09f0889172a2c","timestamp":"2025-06-11T07:44:14.095Z","totalHoursAfterSession":1,"totalHoursBeforeSession":0,"totalTimeAfterSession":60,"totalTimeBeforeSession":58,"userId":"684850fe46b46d22ef93910e"}
{"expectedSsid":"Gre_Student","level":"info","message":"Starting WiFi session:","ssid":"Gre_Student","timestamp":"2025-06-11T07:44:39.207Z","userId":"684850fe46b46d22ef93910e"}
{"level":"info","message":"WiFi session started:","sessionId":"684933e7caa09f0889172b53","timestamp":"2025-06-11T07:44:39.215Z","userId":"684850fe46b46d22ef93910e"}
{"level":"info","message":"Session ended with no new hours completed:","sessionDurationMinutes":18,"sessionId":"684933e7caa09f0889172b53","timestamp":"2025-06-11T08:03:38.114Z","totalHoursAfterSession":1,"totalTimeAfterSession":79,"userId":"684850fe46b46d22ef93910e"}
{"expectedSsid":"Gre_Student","level":"info","message":"Starting WiFi session:","ssid":"Gre_Student","timestamp":"2025-06-11T08:04:13.978Z","userId":"684850fe46b46d22ef93910e"}
{"level":"info","message":"WiFi session started:","sessionId":"6849387dcaa09f0889172c16","timestamp":"2025-06-11T08:04:13.986Z","userId":"684850fe46b46d22ef93910e"}
{"level":"info","message":"Session ended with no new hours completed:","sessionDurationMinutes":3,"sessionId":"6849387dcaa09f0889172c16","timestamp":"2025-06-11T08:07:47.547Z","totalHoursAfterSession":1,"totalTimeAfterSession":83,"userId":"684850fe46b46d22ef93910e"}
{"expectedSsid":"Gre_Student","level":"info","message":"Starting WiFi session:","ssid":"Gre_Student","timestamp":"2025-06-11T08:08:54.235Z","userId":"684850fe46b46d22ef93910e"}
{"level":"info","message":"WiFi session started:","sessionId":"68493996caa09f0889172ceb","timestamp":"2025-06-11T08:08:54.244Z","userId":"684850fe46b46d22ef93910e"}
{"level":"info","message":"Session ended with no new hours completed:","sessionDurationMinutes":15,"sessionId":"68493996caa09f0889172ceb","timestamp":"2025-06-11T08:24:09.581Z","totalHoursAfterSession":1,"totalTimeAfterSession":98,"userId":"684850fe46b46d22ef93910e"}
{"expectedSsid":"Gre_Student","level":"info","message":"Starting WiFi session:","ssid":"Gre_Student","timestamp":"2025-06-11T08:26:13.617Z","userId":"684850fe46b46d22ef93910e"}
{"level":"info","message":"WiFi session started:","sessionId":"68493da5caa09f0889172f48","timestamp":"2025-06-11T08:26:13.624Z","userId":"684850fe46b46d22ef93910e"}
{"hours":1,"level":"info","message":"WiFi hours added to trees:","sessionStartTime":"2025-06-11T08:26:13.621Z","timestamp":"2025-06-11T09:41:37.279Z","treesUpdated":1,"userId":"684850fe46b46d22ef93910e"}
{"level":"info","message":"Points awarded for session completion:","newHoursToAward":1,"pointsAwarded":100,"sessionDurationMinutes":75,"sessionId":"68493da5caa09f0889172f48","timestamp":"2025-06-11T09:41:37.289Z","totalHoursAfterSession":2,"totalHoursBeforeSession":1,"totalTimeAfterSession":173,"totalTimeBeforeSession":98,"userId":"684850fe46b46d22ef93910e"}
{"expectedSsid":"TẦNG6 01","level":"info","message":"Starting WiFi session:","ssid":"TẦNG6 01","timestamp":"2025-06-11T09:42:06.542Z","userId":"684850fe46b46d22ef93910e"}
{"level":"info","message":"WiFi session started:","sessionId":"68494f6ec51d786c776c58a2","timestamp":"2025-06-11T09:42:06.554Z","userId":"684850fe46b46d22ef93910e"}
{"hours":1,"level":"info","message":"WiFi hours added to trees:","sessionStartTime":"2025-06-11T09:42:06.548Z","timestamp":"2025-06-11T10:24:41.534Z","treesUpdated":1,"userId":"684850fe46b46d22ef93910e"}
{"level":"info","message":"Points awarded for session completion:","newHoursToAward":1,"pointsAwarded":100,"sessionDurationMinutes":42,"sessionId":"68494f6ec51d786c776c58a2","timestamp":"2025-06-11T10:24:41.538Z","totalHoursAfterSession":3,"totalHoursBeforeSession":2,"totalTimeAfterSession":216,"totalTimeBeforeSession":173,"userId":"684850fe46b46d22ef93910e"}
{"expectedSsid":"TẦNG6 01","level":"info","message":"Starting WiFi session:","ssid":"TẦNG6 01","timestamp":"2025-06-11T10:26:59.628Z","userId":"684850fe46b46d22ef93910e"}
{"level":"info","message":"WiFi session started:","sessionId":"684959f3c51d786c776c66d8","timestamp":"2025-06-11T10:26:59.634Z","userId":"684850fe46b46d22ef93910e"}
{"level":"info","message":"Leaderboard fetched:","timestamp":"2025-06-11T10:29:07.446Z","totalUsers":1,"userId":"684850fe46b46d22ef93910e","userRank":1}
{"hours":19,"level":"info","message":"WiFi hours added to trees:","sessionStartTime":"2025-06-11T10:26:59.631Z","timestamp":"2025-06-12T05:41:34.779Z","treesUpdated":1,"userId":"684850fe46b46d22ef93910e"}
{"level":"info","message":"Points awarded for session completion:","newHoursToAward":19,"pointsAwarded":1900,"sessionDurationMinutes":1154,"sessionId":"684959f3c51d786c776c66d8","timestamp":"2025-06-12T05:41:34.786Z","totalHoursAfterSession":22,"totalHoursBeforeSession":3,"totalTimeAfterSession":1370,"totalTimeBeforeSession":216,"userId":"684850fe46b46d22ef93910e"}
{"bssid":"24:43:e2:92:95:d8","expectedBssid":"24:43:e2:92:95:d8","level":"info","message":"Starting WiFi session:","ssid":"NHL","timestamp":"2025-06-12T06:37:47.273Z","userId":"684850fe46b46d22ef93910e"}
{"level":"info","message":"WiFi session started:","sessionId":"684a75bb90e1e9aaae28861c","timestamp":"2025-06-12T06:37:47.298Z","userId":"684850fe46b46d22ef93910e"}
{"level":"info","message":"Session ended with no new hours completed:","sessionDurationMinutes":1,"sessionId":"684a75bb90e1e9aaae28861c","timestamp":"2025-06-12T06:39:09.186Z","totalHoursAfterSession":22,"totalTimeAfterSession":1372,"userId":"684850fe46b46d22ef93910e"}
{"bssid":"24:43:e2:92:95:d8","expectedBssid":"24:43:e2:92:95:d8","level":"info","message":"Starting WiFi session:","ssid":"NHL","timestamp":"2025-06-12T06:39:24.547Z","userId":"684850fe46b46d22ef93910e"}
{"level":"info","message":"WiFi session started:","sessionId":"684a761c90e1e9aaae28866c","timestamp":"2025-06-12T06:39:24.555Z","userId":"684850fe46b46d22ef93910e"}
{"level":"info","message":"Session ended with no new hours completed:","sessionDurationMinutes":0,"sessionId":"684a761c90e1e9aaae28866c","timestamp":"2025-06-12T06:39:45.690Z","totalHoursAfterSession":22,"totalTimeAfterSession":1372,"userId":"684850fe46b46d22ef93910e"}
{"level":"error","message":"Failed to initialize email transporter: nodemailer.createTransporter is not a function","stack":"TypeError: nodemailer.createTransporter is not a function\n    at EmailService.initializeTransporter (D:\\Study\\G\\UniTree\\server\\src\\utils\\emailService.js:15:39)\n    at new EmailService (D:\\Study\\G\\UniTree\\server\\src\\utils\\emailService.js:7:10)\n    at Object.<anonymous> (D:\\Study\\G\\UniTree\\server\\src\\utils\\emailService.js:246:18)\n    at Module._compile (node:internal/modules/cjs/loader:1469:14)\n    at Module._extensions..js (node:internal/modules/cjs/loader:1548:10)\n    at Module.load (node:internal/modules/cjs/loader:1288:32)\n    at Module._load (node:internal/modules/cjs/loader:1104:12)\n    at Module.require (node:internal/modules/cjs/loader:1311:19)\n    at require (node:internal/modules/helpers:179:18)\n    at Object.<anonymous> (D:\\Study\\G\\UniTree\\server\\test-email.js:4:22)","timestamp":"2025-06-12T09:30:31.978Z"}
{"level":"error","message":"Failed to send verification email: Cannot read properties of null (reading 'sendMail')","stack":"TypeError: Cannot read properties of null (reading 'sendMail')\n    at EmailService.sendVerificationEmail (D:\\Study\\G\\UniTree\\server\\src\\utils\\emailService.js:179:45)\n    at testEmail (D:\\Study\\G\\UniTree\\server\\test-email.js:15:39)\n    at Object.<anonymous> (D:\\Study\\G\\UniTree\\server\\test-email.js:38:1)\n    at Module._compile (node:internal/modules/cjs/loader:1469:14)\n    at Module._extensions..js (node:internal/modules/cjs/loader:1548:10)\n    at Module.load (node:internal/modules/cjs/loader:1288:32)\n    at Module._load (node:internal/modules/cjs/loader:1104:12)\n    at Function.executeUserEntryPoint [as runMain] (node:internal/modules/run_main:174:12)\n    at node:internal/main/run_main_module:28:49","timestamp":"2025-06-12T09:30:31.983Z"}
{"level":"error","message":"Failed to initialize email transporter: nodemailer.createTransporter is not a function","stack":"TypeError: nodemailer.createTransporter is not a function\n    at EmailService.initializeTransporter (D:\\Study\\G\\UniTree\\server\\src\\utils\\emailService.js:15:39)\n    at new EmailService (D:\\Study\\G\\UniTree\\server\\src\\utils\\emailService.js:7:10)\n    at Object.<anonymous> (D:\\Study\\G\\UniTree\\server\\src\\utils\\emailService.js:246:18)\n    at Module._compile (node:internal/modules/cjs/loader:1469:14)\n    at Module._extensions..js (node:internal/modules/cjs/loader:1548:10)\n    at Module.load (node:internal/modules/cjs/loader:1288:32)\n    at Module._load (node:internal/modules/cjs/loader:1104:12)\n    at Module.require (node:internal/modules/cjs/loader:1311:19)\n    at require (node:internal/modules/helpers:179:18)\n    at Object.<anonymous> (D:\\Study\\G\\UniTree\\server\\test-email.js:4:22)","timestamp":"2025-06-12T09:30:52.072Z"}
{"level":"error","message":"Failed to send verification email: Cannot read properties of null (reading 'sendMail')","stack":"TypeError: Cannot read properties of null (reading 'sendMail')\n    at EmailService.sendVerificationEmail (D:\\Study\\G\\UniTree\\server\\src\\utils\\emailService.js:179:45)\n    at testEmail (D:\\Study\\G\\UniTree\\server\\test-email.js:15:39)\n    at Object.<anonymous> (D:\\Study\\G\\UniTree\\server\\test-email.js:38:1)\n    at Module._compile (node:internal/modules/cjs/loader:1469:14)\n    at Module._extensions..js (node:internal/modules/cjs/loader:1548:10)\n    at Module.load (node:internal/modules/cjs/loader:1288:32)\n    at Module._load (node:internal/modules/cjs/loader:1104:12)\n    at Function.executeUserEntryPoint [as runMain] (node:internal/modules/run_main:174:12)\n    at node:internal/main/run_main_module:28:49","timestamp":"2025-06-12T09:30:52.078Z"}
{"level":"info","message":"Email transporter is ready to send emails","timestamp":"2025-06-12T09:35:28.773Z"}
{"accepted":["test@university.edu.vn"],"ehlo":["SIZE 35882577","8BITMIME","AUTH LOGIN PLAIN XOAUTH2 PLAIN-CLIENTTOKEN OAUTHBEARER XOAUTH","ENHANCEDSTATUSCODES","PIPELINING","CHUNKING","SMTPUTF8"],"envelope":{"from":"greenityclub@gmail.com","to":["test@university.edu.vn"]},"envelopeTime":562,"level":"info","message":"Verification email sent to test@university.edu.vn","messageId":"<20820b43-5a1b-4471-f3b2-d3762e2fd6d9@gmail.com>","messageSize":3149,"messageTime":696,"rejected":[],"response":"250 2.0.0 OK  1749720928 98e67ed59e1d1-313c1bcbb39sm1012280a91.8 - gsmtp","timestamp":"2025-06-12T09:35:30.038Z"}
{"accepted":["test@university.edu.vn"],"ehlo":["SIZE 35882577","8BITMIME","AUTH LOGIN PLAIN XOAUTH2 PLAIN-CLIENTTOKEN OAUTHBEARER XOAUTH","ENHANCEDSTATUSCODES","PIPELINING","CHUNKING","SMTPUTF8"],"envelope":{"from":"greenityclub@gmail.com","to":["test@university.edu.vn"]},"envelopeTime":576,"level":"info","message":"Welcome email sent to test@university.edu.vn","messageId":"<92c6ae16-0223-02b5-7569-c9db38a25147@gmail.com>","messageSize":2678,"messageTime":724,"rejected":[],"response":"250 2.0.0 OK  1749720931 d2e1a72fcca58-74880a10563sm1023678b3a.173 - gsmtp","timestamp":"2025-06-12T09:35:32.678Z"}
{"level":"info","message":"Email transporter is ready to send emails","timestamp":"2025-06-12T09:37:45.938Z"}
{"accepted":["longnhgch230179@fpt.edu.vn"],"ehlo":["SIZE 35882577","8BITMIME","AUTH LOGIN PLAIN XOAUTH2 PLAIN-CLIENTTOKEN OAUTHBEARER XOAUTH","ENHANCEDSTATUSCODES","PIPELINING","CHUNKING","SMTPUTF8"],"envelope":{"from":"greenityclub@gmail.com","to":["longnhgch230179@fpt.edu.vn"]},"envelopeTime":563,"level":"info","message":"Verification email sent to longnhgch230179@fpt.edu.vn","messageId":"<7a805238-0d41-4e46-760b-54f4c4f50ecb@gmail.com>","messageSize":3177,"messageTime":843,"rejected":[],"response":"250 2.0.0 OK  1749721066 98e67ed59e1d1-313c1bd9a12sm1016764a91.14 - gsmtp","timestamp":"2025-06-12T09:37:47.357Z"}
{"accepted":["longnhgch230179@fpt.edu.vn"],"ehlo":["SIZE 35882577","8BITMIME","AUTH LOGIN PLAIN XOAUTH2 PLAIN-CLIENTTOKEN OAUTHBEARER XOAUTH","ENHANCEDSTATUSCODES","PIPELINING","CHUNKING","SMTPUTF8"],"envelope":{"from":"greenityclub@gmail.com","to":["longnhgch230179@fpt.edu.vn"]},"envelopeTime":546,"level":"info","message":"Welcome email sent to longnhgch230179@fpt.edu.vn","messageId":"<bf3751eb-ee7a-47b0-c705-92b0459552e9@gmail.com>","messageSize":2668,"messageTime":768,"rejected":[],"response":"250 2.0.0 OK  1749721068 d9443c01a7336-2364e638265sm9733125ad.73 - gsmtp","timestamp":"2025-06-12T09:37:49.392Z"}
{"level":"info","message":"Email transporter is ready to send emails","timestamp":"2025-06-12T09:38:36.932Z"}
{"level":"info","message":"Email transporter is ready to send emails","timestamp":"2025-06-12T09:49:41.055Z"}
